[2025-09-15T08:29:24+02:00][DBG3] Connection: opening to smtp.gmail.com:587, timeout=300, options=array()
[2025-09-15T08:29:24+02:00][DBG3] Connection: opened
[2025-09-15T08:29:24+02:00][DBG2] SERVER -> CLIENT: 220 smtp.gmail.com ESMTP d9443c01a7336-264e035178csm31619795ad.33 - gsmtp
[2025-09-15T08:29:24+02:00][DBG1] CLIENT -> SERVER: EHLO localhost
[2025-09-15T08:29:24+02:00][DBG2] SERVER -> CLIENT: 250-smtp.gmail.com at your service, [2401:4900:1ce1:ae73:9a7:4893:8390:5ce7]
250-SIZE 35882577
250-8BITMIME
250-STARTTLS
250-ENHANCEDSTATUSCODES
250-PIPELINING
250-CHUNKING
250 SMTPUTF8
[2025-09-15T08:29:24+02:00][DBG1] CLIENT -> SERVER: STARTTLS
[2025-09-15T08:29:24+02:00][DBG2] SERVER -> CLIENT: 220 2.0.0 Ready to start TLS
[2025-09-15T08:29:25+02:00][DBG1] CLIENT -> SERVER: EHLO localhost
[2025-09-15T08:29:25+02:00][DBG2] SERVER -> CLIENT: 250-smtp.gmail.com at your service, [2401:4900:1ce1:ae73:9a7:4893:8390:5ce7]
250-SIZE 35882577
250-8BITMIME
250-AUTH LOGIN PLAIN XOAUTH2 PLAIN-CLIENTTOKEN OAUTHBEARER XOAUTH
250-ENHANCEDSTATUSCODES
250-PIPELINING
250-CHUNKING
250 SMTPUTF8
[2025-09-15T08:29:25+02:00][DBG1] CLIENT -> SERVER: AUTH LOGIN
[2025-09-15T08:29:25+02:00][DBG2] SERVER -> CLIENT: 334 VXNlcm5hbWU6
[2025-09-15T08:29:25+02:00][DBG1] CLIENT -> SERVER: [credentials hidden]
[2025-09-15T08:29:25+02:00][DBG2] SERVER -> CLIENT: 334 UGFzc3dvcmQ6
[2025-09-15T08:29:25+02:00][DBG1] CLIENT -> SERVER: [credentials hidden]
[2025-09-15T08:29:26+02:00][DBG2] SERVER -> CLIENT: 235 2.7.0 Accepted
[2025-09-15T08:29:26+02:00][DBG1] CLIENT -> SERVER: MAIL FROM:<kelaon73@gmail.com>
[2025-09-15T08:29:26+02:00][DBG2] SERVER -> CLIENT: 250 2.1.0 OK d9443c01a7336-264e035178csm31619795ad.33 - gsmtp
[2025-09-15T08:29:26+02:00][DBG1] CLIENT -> SERVER: RCPT TO:<sant8hoshbe08@gmail.com>
[2025-09-15T08:29:26+02:00][DBG2] SERVER -> CLIENT: 250 2.1.5 OK d9443c01a7336-264e035178csm31619795ad.33 - gsmtp
[2025-09-15T08:29:26+02:00][DBG1] CLIENT -> SERVER: DATA
[2025-09-15T08:29:26+02:00][DBG2] SERVER -> CLIENT: 354 Go ahead d9443c01a7336-264e035178csm31619795ad.33 - gsmtp
[2025-09-15T08:29:26+02:00][DBG1] CLIENT -> SERVER: Date: Mon, 15 Sep 2025 08:29:24 +0200
[2025-09-15T08:29:26+02:00][DBG1] CLIENT -> SERVER: To: tom <sant8hoshbe08@gmail.com>
[2025-09-15T08:29:26+02:00][DBG1] CLIENT -> SERVER: From: QIT Verification Team <kelaon73@gmail.com>
[2025-09-15T08:29:26+02:00][DBG1] CLIENT -> SERVER: Reply-To: QIT Support <support@qit.com>
[2025-09-15T08:29:26+02:00][DBG1] CLIENT -> SERVER: Subject: KYC documents require re-submission
[2025-09-15T08:29:26+02:00][DBG1] CLIENT -> SERVER: Message-ID: <F0R6LFhylq7FaRJHpsfAeTtcQr5o7EUJArMy1Ynus@localhost>
[2025-09-15T08:29:26+02:00][DBG1] CLIENT -> SERVER: X-Mailer: PHPMailer 6.10.0 (https://github.com/PHPMailer/PHPMailer)
[2025-09-15T08:29:26+02:00][DBG1] CLIENT -> SERVER: MIME-Version: 1.0
[2025-09-15T08:29:26+02:00][DBG1] CLIENT -> SERVER: Content-Type: multipart/alternative;
[2025-09-15T08:29:26+02:00][DBG1] CLIENT -> SERVER:  boundary="b1=_F0R6LFhylq7FaRJHpsfAeTtcQr5o7EUJArMy1Ynus"
[2025-09-15T08:29:26+02:00][DBG1] CLIENT -> SERVER: Content-Transfer-Encoding: 8bit
[2025-09-15T08:29:26+02:00][DBG1] CLIENT -> SERVER:
[2025-09-15T08:29:26+02:00][DBG1] CLIENT -> SERVER: --b1=_F0R6LFhylq7FaRJHpsfAeTtcQr5o7EUJArMy1Ynus
[2025-09-15T08:29:26+02:00][DBG1] CLIENT -> SERVER: Content-Type: text/plain; charset=us-ascii
[2025-09-15T08:29:26+02:00][DBG1] CLIENT -> SERVER:
[2025-09-15T08:29:26+02:00][DBG1] CLIENT -> SERVER: Hi tom,
[2025-09-15T08:29:26+02:00][DBG1] CLIENT -> SERVER:
[2025-09-15T08:29:26+02:00][DBG1] CLIENT -> SERVER: During verification the following items require correction or re-upload:
[2025-09-15T08:29:26+02:00][DBG1] CLIENT -> SERVER:
[2025-09-15T08:29:26+02:00][DBG1] CLIENT -> SERVER: - Aadhaar Card
[2025-09-15T08:29:26+02:00][DBG1] CLIENT -> SERVER:
[2025-09-15T08:29:26+02:00][DBG1] CLIENT -> SERVER: Re-submission link:
[2025-09-15T08:29:26+02:00][DBG1] CLIENT -> SERVER: http://localhost/QAIT/duplicateoperator.php?token=a029497470f3b79b9f5f7a29f5beb694f12a31797fe8be2e23877d02d954a14e
[2025-09-15T08:29:26+02:00][DBG1] CLIENT -> SERVER:
[2025-09-15T08:29:26+02:00][DBG1] CLIENT -> SERVER: If you have questions, contact support@qit.com
[2025-09-15T08:29:26+02:00][DBG1] CLIENT -> SERVER:
[2025-09-15T08:29:26+02:00][DBG1] CLIENT -> SERVER: Regards,
[2025-09-15T08:29:26+02:00][DBG1] CLIENT -> SERVER: QIT Verification Team
[2025-09-15T08:29:26+02:00][DBG1] CLIENT -> SERVER:
[2025-09-15T08:29:26+02:00][DBG1] CLIENT -> SERVER: --b1=_F0R6LFhylq7FaRJHpsfAeTtcQr5o7EUJArMy1Ynus
[2025-09-15T08:29:26+02:00][DBG1] CLIENT -> SERVER: Content-Type: text/html; charset=iso-8859-1
[2025-09-15T08:29:26+02:00][DBG1] CLIENT -> SERVER: Content-Transfer-Encoding: 8bit
[2025-09-15T08:29:26+02:00][DBG1] CLIENT -> SERVER:
[2025-09-15T08:29:26+02:00][DBG1] CLIENT -> SERVER: <div style="font-family:Arial,Helvetica,sans-serif;color:#222;"><h3 style="color:#c0392b;margin-bottom:6px;">KYC Document Review — Action Required</h3><p>Hi tom,</p><p>During verification the following documents require correction or re-upload. Use the link below to re-submit the corrected documents:</p><ul style="background:#f8fafc;padding:12px;border-radius:6px;line-height:1.6;"><li>Aadhaar Card</li></ul><p><strong>Re-submission link:</strong><br><a href="http://localhost/QAIT/duplicateoperator.php?token=a029497470f3b79b9f5f7a29f5beb694f12a31797fe8be2e23877d02d954a14e">http://localhost/QAIT/duplicateoperator.php?token=a029497470f3b79b9f5f7a29f5beb694f12a31797fe8be2e23877d02d954a14e</a></p><p>If you have trouble uploading files, reply to this email or contact <a href="mailto:support@qit.com">support@qit.com</a>.</p><p>Regards,<br/><strong>QIT Verification Team</strong></p></div>
[2025-09-15T08:29:26+02:00][DBG1] CLIENT -> SERVER:
[2025-09-15T08:29:26+02:00][DBG1] CLIENT -> SERVER:
[2025-09-15T08:29:26+02:00][DBG1] CLIENT -> SERVER: --b1=_F0R6LFhylq7FaRJHpsfAeTtcQr5o7EUJArMy1Ynus--
[2025-09-15T08:29:26+02:00][DBG1] CLIENT -> SERVER:
[2025-09-15T08:29:26+02:00][DBG1] CLIENT -> SERVER: .
[2025-09-15T08:29:27+02:00][DBG2] SERVER -> CLIENT: 250 2.0.0 OK  1757917767 d9443c01a7336-264e035178csm31619795ad.33 - gsmtp
[2025-09-15T08:29:27+02:00][DBG1] CLIENT -> SERVER: QUIT
[2025-09-15T08:29:27+02:00][DBG2] SERVER -> CLIENT: 221 2.0.0 closing connection d9443c01a7336-264e035178csm31619795ad.33 - gsmtp
[2025-09-15T08:29:27+02:00][DBG3] Connection: closed
