[2025-09-17T13:31:57+02:00][DBG3] Connection: opening to smtp.gmail.com:587, timeout=300, options=array()
[2025-09-17T13:31:57+02:00][DBG3] Connection: opened
[2025-09-17T13:31:58+02:00][DBG2] SERVER -> CLIENT: 220 smtp.gmail.com ESMTP d9443c01a7336-267f4d286aesm30597645ad.63 - gsmtp
[2025-09-17T13:31:58+02:00][DBG1] CLIENT -> SERVER: EHLO localhost
[2025-09-17T13:31:58+02:00][DBG2] SERVER -> CLIENT: 250-smtp.gmail.com at your service, [2401:4900:1ce1:66ab:acf5:c6f6:36f7:26b1]
250-SIZE 35882577
250-8BITMIME
250-STARTTLS
250-ENHANCEDSTATUSCODES
250-PIPELINING
250-CHUNKING
250 SMTPUTF8
[2025-09-17T13:31:58+02:00][DBG1] CLIENT -> SERVER: STARTTLS
[2025-09-17T13:31:58+02:00][DBG2] SERVER -> CLIENT: 220 2.0.0 Ready to start TLS
[2025-09-17T13:31:58+02:00][DBG1] CLIENT -> SERVER: EHLO localhost
[2025-09-17T13:31:59+02:00][DBG2] SERVER -> CLIENT: 250-smtp.gmail.com at your service, [2401:4900:1ce1:66ab:acf5:c6f6:36f7:26b1]
250-SIZE 35882577
250-8BITMIME
250-AUTH LOGIN PLAIN XOAUTH2 PLAIN-CLIENTTOKEN OAUTHBEARER XOAUTH
250-ENHANCEDSTATUSCODES
250-PIPELINING
250-CHUNKING
250 SMTPUTF8
[2025-09-17T13:31:59+02:00][DBG1] CLIENT -> SERVER: AUTH LOGIN
[2025-09-17T13:31:59+02:00][DBG2] SERVER -> CLIENT: 334 VXNlcm5hbWU6
[2025-09-17T13:31:59+02:00][DBG1] CLIENT -> SERVER: [credentials hidden]
[2025-09-17T13:31:59+02:00][DBG2] SERVER -> CLIENT: 334 UGFzc3dvcmQ6
[2025-09-17T13:31:59+02:00][DBG1] CLIENT -> SERVER: [credentials hidden]
[2025-09-17T13:32:00+02:00][DBG2] SERVER -> CLIENT: 235 2.7.0 Accepted
[2025-09-17T13:32:00+02:00][DBG1] CLIENT -> SERVER: MAIL FROM:<kelaon73@gmail.com>
[2025-09-17T13:32:00+02:00][DBG2] SERVER -> CLIENT: 250 2.1.0 OK d9443c01a7336-267f4d286aesm30597645ad.63 - gsmtp
[2025-09-17T13:32:00+02:00][DBG1] CLIENT -> SERVER: RCPT TO:<sant8hoshbe08@gmail.com>
[2025-09-17T13:32:00+02:00][DBG2] SERVER -> CLIENT: 250 2.1.5 OK d9443c01a7336-267f4d286aesm30597645ad.63 - gsmtp
[2025-09-17T13:32:00+02:00][DBG1] CLIENT -> SERVER: DATA
[2025-09-17T13:32:01+02:00][DBG2] SERVER -> CLIENT: 354 Go ahead d9443c01a7336-267f4d286aesm30597645ad.63 - gsmtp
[2025-09-17T13:32:01+02:00][DBG1] CLIENT -> SERVER: Date: Wed, 17 Sep 2025 13:31:57 +0200
[2025-09-17T13:32:01+02:00][DBG1] CLIENT -> SERVER: To: tom <sant8hoshbe08@gmail.com>
[2025-09-17T13:32:01+02:00][DBG1] CLIENT -> SERVER: From: QIT Verification Team <kelaon73@gmail.com>
[2025-09-17T13:32:01+02:00][DBG1] CLIENT -> SERVER: Reply-To: QIT Support <support@qit.com>
[2025-09-17T13:32:01+02:00][DBG1] CLIENT -> SERVER: Subject: KYC documents require re-submission
[2025-09-17T13:32:01+02:00][DBG1] CLIENT -> SERVER: Message-ID: <8dJAHm7qPdgvqkRYKOg8qwZVIyle8gKktwXhNn9QvXw@localhost>
[2025-09-17T13:32:01+02:00][DBG1] CLIENT -> SERVER: X-Mailer: PHPMailer 6.10.0 (https://github.com/PHPMailer/PHPMailer)
[2025-09-17T13:32:01+02:00][DBG1] CLIENT -> SERVER: MIME-Version: 1.0
[2025-09-17T13:32:01+02:00][DBG1] CLIENT -> SERVER: Content-Type: multipart/alternative;
[2025-09-17T13:32:01+02:00][DBG1] CLIENT -> SERVER:  boundary="b1=_8dJAHm7qPdgvqkRYKOg8qwZVIyle8gKktwXhNn9QvXw"
[2025-09-17T13:32:01+02:00][DBG1] CLIENT -> SERVER: Content-Transfer-Encoding: 8bit
[2025-09-17T13:32:01+02:00][DBG1] CLIENT -> SERVER:
[2025-09-17T13:32:01+02:00][DBG1] CLIENT -> SERVER: --b1=_8dJAHm7qPdgvqkRYKOg8qwZVIyle8gKktwXhNn9QvXw
[2025-09-17T13:32:01+02:00][DBG1] CLIENT -> SERVER: Content-Type: text/plain; charset=us-ascii
[2025-09-17T13:32:01+02:00][DBG1] CLIENT -> SERVER:
[2025-09-17T13:32:01+02:00][DBG1] CLIENT -> SERVER: Hi tom,
[2025-09-17T13:32:01+02:00][DBG1] CLIENT -> SERVER:
[2025-09-17T13:32:01+02:00][DBG1] CLIENT -> SERVER: During verification the following items require correction or re-upload:
[2025-09-17T13:32:01+02:00][DBG1] CLIENT -> SERVER:
[2025-09-17T13:32:01+02:00][DBG1] CLIENT -> SERVER: - Aadhaar Card
[2025-09-17T13:32:01+02:00][DBG1] CLIENT -> SERVER: - PAN Card
[2025-09-17T13:32:01+02:00][DBG1] CLIENT -> SERVER: - Voter ID
[2025-09-17T13:32:01+02:00][DBG1] CLIENT -> SERVER: - Ration Card
[2025-09-17T13:32:01+02:00][DBG1] CLIENT -> SERVER: - Consent
[2025-09-17T13:32:01+02:00][DBG1] CLIENT -> SERVER: - GPS Selfie
[2025-09-17T13:32:01+02:00][DBG1] CLIENT -> SERVER: - Permanent Address Proof
[2025-09-17T13:32:01+02:00][DBG1] CLIENT -> SERVER: - NSEIT Certificate
[2025-09-17T13:32:01+02:00][DBG1] CLIENT -> SERVER: - Self Declaration
[2025-09-17T13:32:01+02:00][DBG1] CLIENT -> SERVER: - Non-Disclosure Agreement
[2025-09-17T13:32:01+02:00][DBG1] CLIENT -> SERVER:
[2025-09-17T13:32:01+02:00][DBG1] CLIENT -> SERVER: Re-submission link:
[2025-09-17T13:32:01+02:00][DBG1] CLIENT -> SERVER: http://localhost/QAIT/duplicateoperator.php?token=65a482e6e15c4d195cbaa9ff001aa06eb8bc1fe2a0066ffeca27a028d03d133e
[2025-09-17T13:32:01+02:00][DBG1] CLIENT -> SERVER:
[2025-09-17T13:32:01+02:00][DBG1] CLIENT -> SERVER: If you have questions, contact support@qit.com
[2025-09-17T13:32:01+02:00][DBG1] CLIENT -> SERVER:
[2025-09-17T13:32:01+02:00][DBG1] CLIENT -> SERVER: Regards,
[2025-09-17T13:32:01+02:00][DBG1] CLIENT -> SERVER: QIT Verification Team
[2025-09-17T13:32:01+02:00][DBG1] CLIENT -> SERVER:
[2025-09-17T13:32:01+02:00][DBG1] CLIENT -> SERVER: --b1=_8dJAHm7qPdgvqkRYKOg8qwZVIyle8gKktwXhNn9QvXw
[2025-09-17T13:32:01+02:00][DBG1] CLIENT -> SERVER: Content-Type: text/html; charset=iso-8859-1
[2025-09-17T13:32:01+02:00][DBG1] CLIENT -> SERVER: Content-Transfer-Encoding: quoted-printable
[2025-09-17T13:32:01+02:00][DBG1] CLIENT -> SERVER:
[2025-09-17T13:32:01+02:00][DBG1] CLIENT -> SERVER: <div style=3D"font-family:Arial,Helvetica,sans-serif;color:#222;"><h3 style=
[2025-09-17T13:32:01+02:00][DBG1] CLIENT -> SERVER: =3D"color:#c0392b;margin-bottom:6px;">KYC Document Review =E2=80=94 Action =
[2025-09-17T13:32:01+02:00][DBG1] CLIENT -> SERVER: Required</h3><p>Hi tom,</p><p>During verification the following documents r=
[2025-09-17T13:32:01+02:00][DBG1] CLIENT -> SERVER: equire correction or re-upload. Use the link below to re-submit the correct=
[2025-09-17T13:32:01+02:00][DBG1] CLIENT -> SERVER: ed documents:</p><ul style=3D"background:#f8fafc;padding:12px;border-radius=
[2025-09-17T13:32:01+02:00][DBG1] CLIENT -> SERVER: :6px;line-height:1.6;"><li>Aadhaar Card</li><li>PAN Card</li><li>Voter ID</=
[2025-09-17T13:32:01+02:00][DBG1] CLIENT -> SERVER: li><li>Ration Card</li><li>Consent</li><li>GPS Selfie</li><li>Permanent Add=
[2025-09-17T13:32:01+02:00][DBG1] CLIENT -> SERVER: ress Proof</li><li>NSEIT Certificate</li><li>Self Declaration</li><li>Non-D=
[2025-09-17T13:32:01+02:00][DBG1] CLIENT -> SERVER: isclosure Agreement</li></ul><p><strong>Re-submission link:</strong><br><a =
[2025-09-17T13:32:01+02:00][DBG1] CLIENT -> SERVER: href=3D"http://localhost/QAIT/duplicateoperator.php?token=3D65a482e6e15c4d1=
[2025-09-17T13:32:01+02:00][DBG1] CLIENT -> SERVER: 95cbaa9ff001aa06eb8bc1fe2a0066ffeca27a028d03d133e">http://localhost/QAIT/du=
[2025-09-17T13:32:01+02:00][DBG1] CLIENT -> SERVER: plicateoperator.php?token=3D65a482e6e15c4d195cbaa9ff001aa06eb8bc1fe2a0066ff=
[2025-09-17T13:32:01+02:00][DBG1] CLIENT -> SERVER: eca27a028d03d133e</a></p><p>If you have trouble uploading files, reply to t=
[2025-09-17T13:32:01+02:00][DBG1] CLIENT -> SERVER: his email or contact <a href=3D"mailto:support@qit.com">support@qit.com</a>=
[2025-09-17T13:32:01+02:00][DBG1] CLIENT -> SERVER: ..</p><p>Regards,<br/><strong>QIT Verification Team</strong></p></div>
[2025-09-17T13:32:01+02:00][DBG1] CLIENT -> SERVER:
[2025-09-17T13:32:01+02:00][DBG1] CLIENT -> SERVER: --b1=_8dJAHm7qPdgvqkRYKOg8qwZVIyle8gKktwXhNn9QvXw--
[2025-09-17T13:32:01+02:00][DBG1] CLIENT -> SERVER:
[2025-09-17T13:32:01+02:00][DBG1] CLIENT -> SERVER: .
[2025-09-17T13:32:02+02:00][DBG2] SERVER -> CLIENT: 250 2.0.0 OK  1758108722 d9443c01a7336-267f4d286aesm30597645ad.63 - gsmtp
[2025-09-17T13:32:02+02:00][DBG1] CLIENT -> SERVER: QUIT
[2025-09-17T13:32:02+02:00][DBG2] SERVER -> CLIENT: 221 2.0.0 closing connection d9443c01a7336-267f4d286aesm30597645ad.63 - gsmtp
[2025-09-17T13:32:02+02:00][DBG3] Connection: closed
