[2025-09-15T13:22:22+02:00][DBG3] Connection: opening to smtp.gmail.com:587, timeout=300, options=array()
[2025-09-15T13:22:22+02:00][DBG3] Connection: opened
[2025-09-15T13:22:23+02:00][DBG2] SERVER -> CLIENT: 220 smtp.gmail.com ESMTP 98e67ed59e1d1-32df2bf49b1sm4807809a91.1 - gsmtp
[2025-09-15T13:22:23+02:00][DBG1] CLIENT -> SERVER: EHLO localhost
[2025-09-15T13:22:23+02:00][DBG2] SERVER -> CLIENT: 250-smtp.gmail.com at your service, [2401:4900:1ce1:ae73:9a7:4893:8390:5ce7]
250-SIZE 35882577
250-8BITMIME
250-STARTTLS
250-ENHANCEDSTATUSCODES
250-PIPELINING
250-CHUNKING
250 SMTPUTF8
[2025-09-15T13:22:23+02:00][DBG1] CLIENT -> SERVER: STARTTLS
[2025-09-15T13:22:24+02:00][DBG2] SERVER -> CLIENT: 220 2.0.0 Ready to start TLS
[2025-09-15T13:22:25+02:00][DBG1] CLIENT -> SERVER: EHLO localhost
[2025-09-15T13:22:25+02:00][DBG2] SERVER -> CLIENT: 250-smtp.gmail.com at your service, [2401:4900:1ce1:ae73:9a7:4893:8390:5ce7]
250-SIZE 35882577
250-8BITMIME
250-AUTH LOGIN PLAIN XOAUTH2 PLAIN-CLIENTTOKEN OAUTHBEARER XOAUTH
250-ENHANCEDSTATUSCODES
250-PIPELINING
250-CHUNKING
250 SMTPUTF8
[2025-09-15T13:22:25+02:00][DBG1] CLIENT -> SERVER: AUTH LOGIN
[2025-09-15T13:22:25+02:00][DBG2] SERVER -> CLIENT: 334 VXNlcm5hbWU6
[2025-09-15T13:22:25+02:00][DBG1] CLIENT -> SERVER: [credentials hidden]
[2025-09-15T13:22:26+02:00][DBG2] SERVER -> CLIENT: 334 UGFzc3dvcmQ6
[2025-09-15T13:22:26+02:00][DBG1] CLIENT -> SERVER: [credentials hidden]
[2025-09-15T13:22:26+02:00][DBG2] SERVER -> CLIENT: 235 2.7.0 Accepted
[2025-09-15T13:22:26+02:00][DBG1] CLIENT -> SERVER: MAIL FROM:<kelaon73@gmail.com>
[2025-09-15T13:22:26+02:00][DBG2] SERVER -> CLIENT: 250 2.1.0 OK 98e67ed59e1d1-32df2bf49b1sm4807809a91.1 - gsmtp
[2025-09-15T13:22:26+02:00][DBG1] CLIENT -> SERVER: RCPT TO:<sant8hoshbe08@gmail.com>
[2025-09-15T13:22:27+02:00][DBG2] SERVER -> CLIENT: 250 2.1.5 OK 98e67ed59e1d1-32df2bf49b1sm4807809a91.1 - gsmtp
[2025-09-15T13:22:27+02:00][DBG1] CLIENT -> SERVER: DATA
[2025-09-15T13:22:27+02:00][DBG2] SERVER -> CLIENT: 354 Go ahead 98e67ed59e1d1-32df2bf49b1sm4807809a91.1 - gsmtp
[2025-09-15T13:22:27+02:00][DBG1] CLIENT -> SERVER: Date: Mon, 15 Sep 2025 13:22:22 +0200
[2025-09-15T13:22:27+02:00][DBG1] CLIENT -> SERVER: To: tom <sant8hoshbe08@gmail.com>
[2025-09-15T13:22:27+02:00][DBG1] CLIENT -> SERVER: From: QIT Verification Team <kelaon73@gmail.com>
[2025-09-15T13:22:27+02:00][DBG1] CLIENT -> SERVER: Reply-To: QIT Support <support@qit.com>
[2025-09-15T13:22:27+02:00][DBG1] CLIENT -> SERVER: Subject: KYC documents require re-submission
[2025-09-15T13:22:27+02:00][DBG1] CLIENT -> SERVER: Message-ID: <md0cEOa7muILcd8JK09DbfyqyH7Ar9rFU8L8gkhBbP0@localhost>
[2025-09-15T13:22:27+02:00][DBG1] CLIENT -> SERVER: X-Mailer: PHPMailer 6.10.0 (https://github.com/PHPMailer/PHPMailer)
[2025-09-15T13:22:27+02:00][DBG1] CLIENT -> SERVER: MIME-Version: 1.0
[2025-09-15T13:22:27+02:00][DBG1] CLIENT -> SERVER: Content-Type: multipart/alternative;
[2025-09-15T13:22:27+02:00][DBG1] CLIENT -> SERVER:  boundary="b1=_md0cEOa7muILcd8JK09DbfyqyH7Ar9rFU8L8gkhBbP0"
[2025-09-15T13:22:27+02:00][DBG1] CLIENT -> SERVER: Content-Transfer-Encoding: 8bit
[2025-09-15T13:22:27+02:00][DBG1] CLIENT -> SERVER:
[2025-09-15T13:22:27+02:00][DBG1] CLIENT -> SERVER: --b1=_md0cEOa7muILcd8JK09DbfyqyH7Ar9rFU8L8gkhBbP0
[2025-09-15T13:22:27+02:00][DBG1] CLIENT -> SERVER: Content-Type: text/plain; charset=us-ascii
[2025-09-15T13:22:27+02:00][DBG1] CLIENT -> SERVER:
[2025-09-15T13:22:27+02:00][DBG1] CLIENT -> SERVER: Hi tom,
[2025-09-15T13:22:27+02:00][DBG1] CLIENT -> SERVER:
[2025-09-15T13:22:27+02:00][DBG1] CLIENT -> SERVER: During verification the following items require correction or re-upload:
[2025-09-15T13:22:27+02:00][DBG1] CLIENT -> SERVER:
[2025-09-15T13:22:27+02:00][DBG1] CLIENT -> SERVER: - PAN Card
[2025-09-15T13:22:27+02:00][DBG1] CLIENT -> SERVER: - Self Declaration
[2025-09-15T13:22:27+02:00][DBG1] CLIENT -> SERVER: - Non-Disclosure Agreement
[2025-09-15T13:22:27+02:00][DBG1] CLIENT -> SERVER:
[2025-09-15T13:22:27+02:00][DBG1] CLIENT -> SERVER: Re-submission link:
[2025-09-15T13:22:27+02:00][DBG1] CLIENT -> SERVER: http://localhost/QAIT/duplicateoperator.php?token=50bff4a6b8d1249d080cc55893201ba87ec6c7374c4af3ef14d30f58f8f079e5
[2025-09-15T13:22:27+02:00][DBG1] CLIENT -> SERVER:
[2025-09-15T13:22:27+02:00][DBG1] CLIENT -> SERVER: If you have questions, contact support@qit.com
[2025-09-15T13:22:27+02:00][DBG1] CLIENT -> SERVER:
[2025-09-15T13:22:27+02:00][DBG1] CLIENT -> SERVER: Regards,
[2025-09-15T13:22:27+02:00][DBG1] CLIENT -> SERVER: QIT Verification Team
[2025-09-15T13:22:27+02:00][DBG1] CLIENT -> SERVER:
[2025-09-15T13:22:27+02:00][DBG1] CLIENT -> SERVER: --b1=_md0cEOa7muILcd8JK09DbfyqyH7Ar9rFU8L8gkhBbP0
[2025-09-15T13:22:27+02:00][DBG1] CLIENT -> SERVER: Content-Type: text/html; charset=iso-8859-1
[2025-09-15T13:22:27+02:00][DBG1] CLIENT -> SERVER: Content-Transfer-Encoding: 8bit
[2025-09-15T13:22:27+02:00][DBG1] CLIENT -> SERVER:
[2025-09-15T13:22:27+02:00][DBG1] CLIENT -> SERVER: <div style="font-family:Arial,Helvetica,sans-serif;color:#222;"><h3 style="color:#c0392b;margin-bottom:6px;">KYC Document Review — Action Required</h3><p>Hi tom,</p><p>During verification the following documents require correction or re-upload. Use the link below to re-submit the corrected documents:</p><ul style="background:#f8fafc;padding:12px;border-radius:6px;line-height:1.6;"><li>PAN Card</li><li>Self Declaration</li><li>Non-Disclosure Agreement</li></ul><p><strong>Re-submission link:</strong><br><a href="http://localhost/QAIT/duplicateoperator.php?token=50bff4a6b8d1249d080cc55893201ba87ec6c7374c4af3ef14d30f58f8f079e5">http://localhost/QAIT/duplicateoperator.php?token=50bff4a6b8d1249d080cc55893201ba87ec6c7374c4af3ef14d30f58f8f079e5</a></p><p>If you have trouble uploading files, reply to this email or contact <a href="mailto:support@qit.com">support@qit.com</a>.</p><p>Regards,<br/><strong>QIT Verification Team</strong></p></div>
[2025-09-15T13:22:27+02:00][DBG1] CLIENT -> SERVER:
[2025-09-15T13:22:27+02:00][DBG1] CLIENT -> SERVER:
[2025-09-15T13:22:27+02:00][DBG1] CLIENT -> SERVER: --b1=_md0cEOa7muILcd8JK09DbfyqyH7Ar9rFU8L8gkhBbP0--
[2025-09-15T13:22:27+02:00][DBG1] CLIENT -> SERVER:
[2025-09-15T13:22:27+02:00][DBG1] CLIENT -> SERVER: .
[2025-09-15T13:22:28+02:00][DBG2] SERVER -> CLIENT: 250 2.0.0 OK  1757935348 98e67ed59e1d1-32df2bf49b1sm4807809a91.1 - gsmtp
[2025-09-15T13:22:28+02:00][DBG1] CLIENT -> SERVER: QUIT
[2025-09-15T13:22:28+02:00][DBG2] SERVER -> CLIENT: 221 2.0.0 closing connection 98e67ed59e1d1-32df2bf49b1sm4807809a91.1 - gsmtp
[2025-09-15T13:22:28+02:00][DBG3] Connection: closed
